Using pre-set license
Built from '2020.3/staging' branch; Version is '2020.3.0f1 (c7b5465681fb) revision 13088070'; Using compiler version '192528614'; Build Type 'Release'
OS: 'Windows 10 Home Single Language; OS build 19042.867; Version 2009; 64bit' Language: 'es' Physical Memory: 7055 MB
BatchMode: 1, IsHumanControllingUs: 0, StartBugReporterOnCrash: 0, Is64bit: 1, IsPro: 0

 COMMAND LINE ARGUMENTS:
C:\Program Files\Unity\Hub\Editor\2020.3.0f1\Editor\Unity.exe
-adb2
-batchMode
-noUpm
-name
AssetImportWorker0
-projectPath
C:/Users/black/ardiilla
-logFile
Logs/AssetImportWorker0.log
-srvPort
61769
Successfully changed project path to: C:/Users/black/ardiilla
C:/Users/black/ardiilla
Using Asset Import Pipeline V2.
Refreshing native plugins compatible for Editor in 82.41 ms, found 1 plugins.
Preloading 0 native plugins for Editor in 0.00 ms.
Initialize engine version: 2020.3.0f1 (c7b5465681fb)
[Subsystems] Discovering subsystems at path C:/Program Files/Unity/Hub/Editor/2020.3.0f1/Editor/Data/Resources/UnitySubsystems
[Subsystems] Discovering subsystems at path C:/Users/black/ardiilla/Assets
GfxDevice: creating device client; threaded=0
Direct3D:
    Version:  Direct3D 11.0 [level 11.1]
    Renderer: AMD Radeon(TM) R5 Graphics (ID=0x98e4)
    Vendor:   
    VRAM:     3527 MB
    Driver:   27.20.1034.6
Initialize mono
Mono path[0] = 'C:/Program Files/Unity/Hub/Editor/2020.3.0f1/Editor/Data/Managed'
Mono path[1] = 'C:/Program Files/Unity/Hub/Editor/2020.3.0f1/Editor/Data/MonoBleedingEdge/lib/mono/unityjit'
Mono config path = 'C:/Program Files/Unity/Hub/Editor/2020.3.0f1/Editor/Data/MonoBleedingEdge/etc'
Using monoOptions --debugger-agent=transport=dt_socket,embedding=1,server=y,suspend=n,address=127.0.0.1:56980
Begin MonoManager ReloadAssembly
Registering precompiled unity dll's ...
Register platform support module: C:/Program Files/Unity/Hub/Editor/2020.3.0f1/Editor/Data/PlaybackEngines/WebGLSupport/UnityEditor.WebGL.Extensions.dll
Register platform support module: C:/Program Files/Unity/Hub/Editor/2020.3.0f1/Editor/Data/PlaybackEngines/WindowsStandaloneSupport/UnityEditor.WindowsStandalone.Extensions.dll
Registered in 0.005968 seconds.
Native extension for WindowsStandalone target not found
Native extension for WebGL target not found
Refreshing native plugins compatible for Editor in 68.24 ms, found 1 plugins.
Preloading 0 native plugins for Editor in 0.00 ms.
Invoked RoslynAnalysisRunner static constructor.
RoslynAnalysisRunner will not be running.
RoslynAnalysisRunner has terminated.
Mono: successfully reloaded assembly
- Completed reload, in  3.204 seconds
Platform modules already initialized, skipping
Registering precompiled user dll's ...
Registered in 0.002525 seconds.
Begin MonoManager ReloadAssembly
Native extension for WindowsStandalone target not found
Native extension for WebGL target not found
Refreshing native plugins compatible for Editor in 65.54 ms, found 1 plugins.
Preloading 0 native plugins for Editor in 0.00 ms.
Invoked RoslynAnalysisRunner static constructor.
RoslynAnalysisRunner will not be running.
RoslynAnalysisRunner has terminated.
Mono: successfully reloaded assembly
- Completed reload, in  2.182 seconds
Platform modules already initialized, skipping
========================================================================
Worker process is ready to serve import requests
Launched and connected shader compiler UnityShaderCompiler.exe after 0.16 seconds
Refreshing native plugins compatible for Editor in 0.83 ms, found 1 plugins.
Preloading 0 native plugins for Editor in 0.00 ms.
Unloading 1806 Unused Serialized files (Serialized files now loaded: 0)
System memory in use before: 84.6 MB.
System memory in use after: 84.6 MB.

Unloading 24 unused Assets to reduce memory usage. Loaded Objects now: 2248.
Total: 6.909300 ms (FindLiveObjects: 2.832900 ms CreateObjectMapping: 0.126900 ms MarkObjects: 3.662400 ms  DeleteObjects: 0.282700 ms)

========================================================================
Received Import Request.
  path: Assets
  artifactKey: Guid(00000000000000001000000000000000) Importer(815301076,1909f56bfc062723c751e8b465ee728b)
Start importing Assets using Guid(00000000000000001000000000000000) Importer(815301076,1909f56bfc062723c751e8b465ee728b)  -> (artifact id: '42baae205c97e3337697759514652acd') in 0.149678 seconds
  Import took 0.182048 seconds .

========================================================================
Received Import Request.
  Time since last request: 0.658108 seconds.
  path: Assets
  artifactKey: Guid(00000000000000001000000000000000) Importer(815301076,1909f56bfc062723c751e8b465ee728b)
Start importing Assets using Guid(00000000000000001000000000000000) Importer(815301076,1909f56bfc062723c751e8b465ee728b)  -> (artifact id: '42baae205c97e3337697759514652acd') in 0.032190 seconds
  Import took 0.659722 seconds .

========================================================================
Received Import Request.
  Time since last request: 24.837923 seconds.
  path: Assets/ardilla.png
  artifactKey: Guid(c3f4796ce984e1745bc68e3967c6528f) Importer(815301076,1909f56bfc062723c751e8b465ee728b)
Start importing Assets/ardilla.png using Guid(c3f4796ce984e1745bc68e3967c6528f) Importer(815301076,1909f56bfc062723c751e8b465ee728b)  -> (artifact id: '3b824860ef39190719d809175b521a57') in 0.879217 seconds
  Import took 0.910677 seconds .

========================================================================
Received Import Request.
  Time since last request: 60.017430 seconds.
  path: Assets/ardilla.png
  artifactKey: Guid(c3f4796ce984e1745bc68e3967c6528f) Importer(815301076,1909f56bfc062723c751e8b465ee728b)
Start importing Assets/ardilla.png using Guid(c3f4796ce984e1745bc68e3967c6528f) Importer(815301076,1909f56bfc062723c751e8b465ee728b)  -> (artifact id: '007d89c2dae58267f485053d3843bd5d') in 0.042818 seconds
  Import took 0.072281 seconds .

========================================================================
Received Import Request.
  Time since last request: 129.990933 seconds.
  path: Assets/ardilla.png
  artifactKey: Guid(c3f4796ce984e1745bc68e3967c6528f) Importer(815301076,1909f56bfc062723c751e8b465ee728b)
Start importing Assets/ardilla.png using Guid(c3f4796ce984e1745bc68e3967c6528f) Importer(815301076,1909f56bfc062723c751e8b465ee728b)  -> (artifact id: '230d1484485df6c5dfce00e1dad742c8') in 0.032824 seconds
  Import took 0.300164 seconds .

========================================================================
Received Import Request.
  Time since last request: 117.014027 seconds.
  path: Assets/ardilla.png
  artifactKey: Guid(c3f4796ce984e1745bc68e3967c6528f) Importer(815301076,1909f56bfc062723c751e8b465ee728b)
Start importing Assets/ardilla.png using Guid(c3f4796ce984e1745bc68e3967c6528f) Importer(815301076,1909f56bfc062723c751e8b465ee728b)  -> (artifact id: '7d11d3be1bbfd82c369a1ed90f7cec3c') in 0.400217 seconds
  Import took 0.517512 seconds .

========================================================================
Received Prepare
Registering precompiled user dll's ...
Registered in 0.002690 seconds.
Begin MonoManager ReloadAssembly
Native extension for WindowsStandalone target not found
Native extension for WebGL target not found
Refreshing native plugins compatible for Editor in 0.71 ms, found 1 plugins.
Preloading 0 native plugins for Editor in 0.00 ms.
Invoked RoslynAnalysisRunner static constructor.
RoslynAnalysisRunner will not be running.
RoslynAnalysisRunner has terminated.
Mono: successfully reloaded assembly
- Completed reload, in  2.019 seconds
Platform modules already initialized, skipping
Refreshing native plugins compatible for Editor in 0.79 ms, found 1 plugins.
Preloading 0 native plugins for Editor in 0.00 ms.
Unloading 1801 Unused Serialized files (Serialized files now loaded: 0)
System memory in use before: 87.7 MB.
System memory in use after: 87.7 MB.

Unloading 12 unused Assets to reduce memory usage. Loaded Objects now: 2260.
Total: 4.755500 ms (FindLiveObjects: 0.465400 ms CreateObjectMapping: 0.122500 ms MarkObjects: 3.937500 ms  DeleteObjects: 0.226600 ms)

========================================================================
Received Import Request.
  Time since last request: 193.460682 seconds.
  path: Assets/New Animator Controller.controller
  artifactKey: Guid(23934f41d102f5f4993698cc8b194cb4) Importer(815301076,1909f56bfc062723c751e8b465ee728b)
Start importing Assets/New Animator Controller.controller using Guid(23934f41d102f5f4993698cc8b194cb4) Importer(815301076,1909f56bfc062723c751e8b465ee728b)  -> (artifact id: '09f51b7d87a4f0cca7854e833611ed0f') in 0.063311 seconds
  Import took 0.179356 seconds .

========================================================================
Received Import Request.
  Time since last request: 10.707460 seconds.
  path: Assets/ardilla_0.controller
  artifactKey: Guid(718727a9c7f20774aa9925e8bdd0d0b6) Importer(815301076,1909f56bfc062723c751e8b465ee728b)
Start importing Assets/ardilla_0.controller using Guid(718727a9c7f20774aa9925e8bdd0d0b6) Importer(815301076,1909f56bfc062723c751e8b465ee728b)  -> (artifact id: 'b5c13006688e0fd6af614902d5a5c856') in 0.036469 seconds
  Import took 0.214020 seconds .

========================================================================
Received Prepare
Registering precompiled user dll's ...
Registered in 0.010888 seconds.
Begin MonoManager ReloadAssembly
Native extension for WindowsStandalone target not found
Native extension for WebGL target not found
Refreshing native plugins compatible for Editor in 0.72 ms, found 1 plugins.
Preloading 0 native plugins for Editor in 0.00 ms.
Invoked RoslynAnalysisRunner static constructor.
RoslynAnalysisRunner will not be running.
RoslynAnalysisRunner has terminated.
Mono: successfully reloaded assembly
- Completed reload, in  2.776 seconds
Platform modules already initialized, skipping
Refreshing native plugins compatible for Editor in 1.66 ms, found 1 plugins.
Preloading 0 native plugins for Editor in 0.00 ms.
Unloading 1801 Unused Serialized files (Serialized files now loaded: 0)
System memory in use before: 87.7 MB.
System memory in use after: 87.7 MB.

Unloading 12 unused Assets to reduce memory usage. Loaded Objects now: 2264.
Total: 4.097500 ms (FindLiveObjects: 0.434300 ms CreateObjectMapping: 0.117700 ms MarkObjects: 3.320600 ms  DeleteObjects: 0.221700 ms)

========================================================================
Received Import Request.
  Time since last request: 44.125946 seconds.
  path: Assets/ardilla_0.controller
  artifactKey: Guid(718727a9c7f20774aa9925e8bdd0d0b6) Importer(815301076,1909f56bfc062723c751e8b465ee728b)
Start importing Assets/ardilla_0.controller using Guid(718727a9c7f20774aa9925e8bdd0d0b6) Importer(815301076,1909f56bfc062723c751e8b465ee728b)  -> (artifact id: '4b19a75e8cca9b55dc50badba615e4b5') in 0.125456 seconds
  Import took 0.133915 seconds .

